Determining if the pthread_create exist failed with the following output:
Change Dir: /home/naufal/Documents/Spring17/OS/OS_Project_3-master/cmake-build-debug/CMakeFiles/CMakeTmp

Run Build Command:"/usr/bin/make" "cmTC_7bb74/fast"
/usr/bin/make -f CMakeFiles/cmTC_7bb74.dir/build.make CMakeFiles/cmTC_7bb74.dir/build
make[1]: Entering directory '/home/naufal/Documents/Spring17/OS/OS_Project_3-master/cmake-build-debug/CMakeFiles/CMakeTmp'
Building C object CMakeFiles/cmTC_7bb74.dir/CheckSymbolExists.c.o
/usr/bin/cc     -o CMakeFiles/cmTC_7bb74.dir/CheckSymbolExists.c.o   -c /home/naufal/Documents/Spring17/OS/OS_Project_3-master/cmake-build-debug/CMakeFiles/CMakeTmp/CheckSymbolExists.c
Linking C executable cmTC_7bb74
/home/naufal/Downloads/clion-172.1572.3/bin/cmake/bin/cmake -E cmake_link_script CMakeFiles/cmTC_7bb74.dir/link.txt --verbose=1
/usr/bin/cc       CMakeFiles/cmTC_7bb74.dir/CheckSymbolExists.c.o  -o cmTC_7bb74 
CMakeFiles/cmTC_7bb74.dir/CheckSymbolExists.c.o: In function `main':
CheckSymbolExists.c:(.text+0x16): undefined reference to `pthread_create'
collect2: error: ld returned 1 exit status
CMakeFiles/cmTC_7bb74.dir/build.make:97: recipe for target 'cmTC_7bb74' failed
make[1]: *** [cmTC_7bb74] Error 1
make[1]: Leaving directory '/home/naufal/Documents/Spring17/OS/OS_Project_3-master/cmake-build-debug/CMakeFiles/CMakeTmp'
Makefile:126: recipe for target 'cmTC_7bb74/fast' failed
make: *** [cmTC_7bb74/fast] Error 2

File /home/naufal/Documents/Spring17/OS/OS_Project_3-master/cmake-build-debug/CMakeFiles/CMakeTmp/CheckSymbolExists.c:
/* */
#include <pthread.h>

int main(int argc, char** argv)
{
  (void)argv;
#ifndef pthread_create
  return ((int*)(&pthread_create))[argc];
#else
  (void)argc;
  return 0;
#endif
}

Determining if the function pthread_create exists in the pthreads failed with the following output:
Change Dir: /home/naufal/Documents/Spring17/OS/OS_Project_3-master/cmake-build-debug/CMakeFiles/CMakeTmp

Run Build Command:"/usr/bin/make" "cmTC_75881/fast"
/usr/bin/make -f CMakeFiles/cmTC_75881.dir/build.make CMakeFiles/cmTC_75881.dir/build
make[1]: Entering directory '/home/naufal/Documents/Spring17/OS/OS_Project_3-master/cmake-build-debug/CMakeFiles/CMakeTmp'
Building C object CMakeFiles/cmTC_75881.dir/CheckFunctionExists.c.o
/usr/bin/cc    -DCHECK_FUNCTION_EXISTS=pthread_create   -o CMakeFiles/cmTC_75881.dir/CheckFunctionExists.c.o   -c /home/naufal/Downloads/clion-172.1572.3/bin/cmake/share/cmake-3.7/Modules/CheckFunctionExists.c
Linking C executable cmTC_75881
/home/naufal/Downloads/clion-172.1572.3/bin/cmake/bin/cmake -E cmake_link_script CMakeFiles/cmTC_75881.dir/link.txt --verbose=1
/usr/bin/cc   -DCHECK_FUNCTION_EXISTS=pthread_create    CMakeFiles/cmTC_75881.dir/CheckFunctionExists.c.o  -o cmTC_75881 -lpthreads 
/usr/bin/ld: cannot find -lpthreads
collect2: error: ld returned 1 exit status
CMakeFiles/cmTC_75881.dir/build.make:97: recipe for target 'cmTC_75881' failed
make[1]: *** [cmTC_75881] Error 1
make[1]: Leaving directory '/home/naufal/Documents/Spring17/OS/OS_Project_3-master/cmake-build-debug/CMakeFiles/CMakeTmp'
Makefile:126: recipe for target 'cmTC_75881/fast' failed
make: *** [cmTC_75881/fast] Error 2


