Determining if the pthread_create exist failed with the following output:
Change Dir: /home/naufal/Documents/Spring17/OS/OS_Project_3-master/CMakeFiles/CMakeTmp

Run Build Command:"/usr/bin/make" "cmTC_495bd/fast"
/usr/bin/make -f CMakeFiles/cmTC_495bd.dir/build.make CMakeFiles/cmTC_495bd.dir/build
make[1]: Entering directory '/home/naufal/Documents/Spring17/OS/OS_Project_3-master/CMakeFiles/CMakeTmp'
Building C object CMakeFiles/cmTC_495bd.dir/CheckSymbolExists.c.o
/usr/bin/cc     -o CMakeFiles/cmTC_495bd.dir/CheckSymbolExists.c.o   -c /home/naufal/Documents/Spring17/OS/OS_Project_3-master/CMakeFiles/CMakeTmp/CheckSymbolExists.c
Linking C executable cmTC_495bd
/home/naufal/Downloads/clion-172.1572.3/bin/cmake/bin/cmake -E cmake_link_script CMakeFiles/cmTC_495bd.dir/link.txt --verbose=1
/usr/bin/cc       CMakeFiles/cmTC_495bd.dir/CheckSymbolExists.c.o  -o cmTC_495bd 
CMakeFiles/cmTC_495bd.dir/CheckSymbolExists.c.o: In function `main':
CheckSymbolExists.c:(.text+0x16): undefined reference to `pthread_create'
collect2: error: ld returned 1 exit status
CMakeFiles/cmTC_495bd.dir/build.make:97: recipe for target 'cmTC_495bd' failed
make[1]: *** [cmTC_495bd] Error 1
make[1]: Leaving directory '/home/naufal/Documents/Spring17/OS/OS_Project_3-master/CMakeFiles/CMakeTmp'
Makefile:126: recipe for target 'cmTC_495bd/fast' failed
make: *** [cmTC_495bd/fast] Error 2

File /home/naufal/Documents/Spring17/OS/OS_Project_3-master/CMakeFiles/CMakeTmp/CheckSymbolExists.c:
/* */
#include <pthread.h>

int main(int argc, char** argv)
{
  (void)argv;
#ifndef pthread_create
  return ((int*)(&pthread_create))[argc];
#else
  (void)argc;
  return 0;
#endif
}

Determining if the function pthread_create exists in the pthreads failed with the following output:
Change Dir: /home/naufal/Documents/Spring17/OS/OS_Project_3-master/CMakeFiles/CMakeTmp

Run Build Command:"/usr/bin/make" "cmTC_c94ba/fast"
/usr/bin/make -f CMakeFiles/cmTC_c94ba.dir/build.make CMakeFiles/cmTC_c94ba.dir/build
make[1]: Entering directory '/home/naufal/Documents/Spring17/OS/OS_Project_3-master/CMakeFiles/CMakeTmp'
Building C object CMakeFiles/cmTC_c94ba.dir/CheckFunctionExists.c.o
/usr/bin/cc    -DCHECK_FUNCTION_EXISTS=pthread_create   -o CMakeFiles/cmTC_c94ba.dir/CheckFunctionExists.c.o   -c /home/naufal/Downloads/clion-172.1572.3/bin/cmake/share/cmake-3.7/Modules/CheckFunctionExists.c
Linking C executable cmTC_c94ba
/home/naufal/Downloads/clion-172.1572.3/bin/cmake/bin/cmake -E cmake_link_script CMakeFiles/cmTC_c94ba.dir/link.txt --verbose=1
/usr/bin/cc   -DCHECK_FUNCTION_EXISTS=pthread_create    CMakeFiles/cmTC_c94ba.dir/CheckFunctionExists.c.o  -o cmTC_c94ba -lpthreads 
/usr/bin/ld: cannot find -lpthreads
collect2: error: ld returned 1 exit status
CMakeFiles/cmTC_c94ba.dir/build.make:97: recipe for target 'cmTC_c94ba' failed
make[1]: *** [cmTC_c94ba] Error 1
make[1]: Leaving directory '/home/naufal/Documents/Spring17/OS/OS_Project_3-master/CMakeFiles/CMakeTmp'
Makefile:126: recipe for target 'cmTC_c94ba/fast' failed
make: *** [cmTC_c94ba/fast] Error 2


